
> portfolio@0.1.21 storybook
> storybook dev -p 6006


┌  storybook v10.4.6
│
●  Starting...
│
●  Addon-docs: using MDX3
│
●  Using implicit CSS loaders
│
●  Using SWC as compiler
│
●  Using default Webpack5 setup
│ [38;2;255;71;133m╭[39m[38;2;255;71;133m─[39m[38;2;255;71;133m─[39m[38;2;255;71;133m─[39m[38;2;255;71;133m─[39m[38;2;255;71;133m─[39m[38;2;255;71;133m─[39m[38;2;255;71;133m─[39m[38;2;255;71;133m─[39m[38;2;255;71;133m─[39m[38;2;255;71;133m─[39m[38;2;255;71;133m─[39m[38;2;255;71;133m─[39m[38;2;255;71;133m─[39m[38;2;255;71;133m─[39m[38;2;255;71;133m─[39m[38;2;255;71;133m─[39m[38;2;255;71;133m─[39m[38;2;255;71;133m─[39m[38;2;255;71;133m─[39m[38;2;255;71;133m─[39m[38;2;255;71;133m─[39m[38;2;255;71;133m─[39m[38;2;255;71;133m─[39m[38;2;255;71;133m─[39m[38;2;255;71;133m─[39m[38;2;255;71;133m─[39m[38;2;255;71;133m─[39m[38;2;255;71;133m─[39m[38;2;255;71;133m─[39m[38;2;255;71;133m─[39m[38;2;255;71;133m─[39m[38;2;255;71;133m─[39m[38;2;255;71;133m─[39m[38;2;255;71;133m─[39m[38;2;255;71;133m─[39m[38;2;255;71;133m─[39m[38;2;255;71;133m─[39m[38;2;255;71;133m─[39m[38;2;255;71;133m─[39m[38;2;255;71;133m─[39m[38;2;255;71;133m─[39m[38;2;255;71;133m─[39m[38;2;255;71;133m─[39m[38;2;255;71;133m─[39m[38;2;255;71;133m─[39m[38;2;255;71;133m─[39m[38;2;255;71;133m─[39m[38;2;255;71;133m─[39m[38;2;255;71;133m─[39m[38;2;255;71;133m─[39m[38;2;255;71;133m─[39m[38;2;255;71;133m─[39m[38;2;255;71;133m─[39m[38;2;255;71;133m─[39m[38;2;255;71;133m─[39m[38;2;255;71;133m─[39m[38;2;255;71;133m─[39m[38;2;255;71;133m─[39m[38;2;255;71;133m─[39m[38;2;255;71;133m─[39m[38;2;255;71;133m─[39m[38;2;255;71;133m─[39m[38;2;255;71;133m─[39m[38;2;255;71;133m─[39m[38;2;255;71;133m─[39m[38;2;255;71;133m─[39m[38;2;255;71;133m─[39m[38;2;255;71;133m─[39m[38;2;255;71;133m─[39m[38;2;255;71;133m─[39m[38;2;255;71;133m─[39m[38;2;255;71;133m─[39m[38;2;255;71;133m─[39m[38;2;255;71;133m─[39m[38;2;255;71;133m─[39m[38;2;255;71;133m─[39m[38;2;255;71;133m╮[39m
│ [38;2;255;71;133m│[39m   Storybook ready!                                                         [38;2;255;71;133m│[39m
│ [38;2;255;71;133m│[39m                                                                            [38;2;255;71;133m│[39m
│ [38;2;255;71;133m│[39m   - Local:                http://localhost:6006/                           [38;2;255;71;133m│[39m
│ [38;2;255;71;133m│[39m   - On your network:      http://192.168.1.113:6006/                       [38;2;255;71;133m│[39m
│ [38;2;255;71;133m│[39m                                                                            [38;2;255;71;133m│[39m
│ [38;2;255;71;133m│[39m                                                                            [38;2;255;71;133m│[39m
│ [38;2;255;71;133m│[39m   [38;2;243;173;56mA new version (10.5.0) is available![39m                                     [38;2;255;71;133m│[39m
│ [38;2;255;71;133m│[39m                                                                            [38;2;255;71;133m│[39m
│ [38;2;255;71;133m│[39m   Upgrade now: [38;2;162;224;94mnpx storybook@latest upgrade[39m                                [38;2;255;71;133m│[39m
│ [38;2;255;71;133m│[39m                                                                            [38;2;255;71;133m│[39m
│ [38;2;255;71;133m│[39m   Read full changelog:                                                     [38;2;255;71;133m│[39m
│ [38;2;255;71;133m│[39m   https://github.com/storybookjs/storybook/blob/main/CHANGELOG.md          [38;2;255;71;133m│[39m
│ [38;2;255;71;133m╰[39m[38;2;255;71;133m─[39m[38;2;255;71;133m─[39m[38;2;255;71;133m─[39m[38;2;255;71;133m─[39m[38;2;255;71;133m─[39m[38;2;255;71;133m─[39m[38;2;255;71;133m─[39m[38;2;255;71;133m─[39m[38;2;255;71;133m─[39m[38;2;255;71;133m─[39m[38;2;255;71;133m─[39m[38;2;255;71;133m─[39m[38;2;255;71;133m─[39m[38;2;255;71;133m─[39m[38;2;255;71;133m─[39m[38;2;255;71;133m─[39m[38;2;255;71;133m─[39m[38;2;255;71;133m─[39m[38;2;255;71;133m─[39m[38;2;255;71;133m─[39m[38;2;255;71;133m─[39m[38;2;255;71;133m─[39m[38;2;255;71;133m─[39m[38;2;255;71;133m─[39m[38;2;255;71;133m─[39m[38;2;255;71;133m─[39m[38;2;255;71;133m─[39m[38;2;255;71;133m─[39m[38;2;255;71;133m─[39m[38;2;255;71;133m─[39m[38;2;255;71;133m─[39m[38;2;255;71;133m─[39m[38;2;255;71;133m─[39m[38;2;255;71;133m─[39m[38;2;255;71;133m─[39m[38;2;255;71;133m─[39m[38;2;255;71;133m─[39m[38;2;255;71;133m─[39m[38;2;255;71;133m─[39m[38;2;255;71;133m─[39m[38;2;255;71;133m─[39m[38;2;255;71;133m─[39m[38;2;255;71;133m─[39m[38;2;255;71;133m─[39m[38;2;255;71;133m─[39m[38;2;255;71;133m─[39m[38;2;255;71;133m─[39m[38;2;255;71;133m─[39m[38;2;255;71;133m─[39m[38;2;255;71;133m─[39m[38;2;255;71;133m─[39m[38;2;255;71;133m─[39m[38;2;255;71;133m─[39m[38;2;255;71;133m─[39m[38;2;255;71;133m─[39m[38;2;255;71;133m─[39m[38;2;255;71;133m─[39m[38;2;255;71;133m─[39m[38;2;255;71;133m─[39m[38;2;255;71;133m─[39m[38;2;255;71;133m─[39m[38;2;255;71;133m─[39m[38;2;255;71;133m─[39m[38;2;255;71;133m─[39m[38;2;255;71;133m─[39m[38;2;255;71;133m─[39m[38;2;255;71;133m─[39m[38;2;255;71;133m─[39m[38;2;255;71;133m─[39m[38;2;255;71;133m─[39m[38;2;255;71;133m─[39m[38;2;255;71;133m─[39m[38;2;255;71;133m─[39m[38;2;255;71;133m─[39m[38;2;255;71;133m─[39m[38;2;255;71;133m─[39m[38;2;255;71;133m╯[39m
│
●  167 ms for manager and 2.64 s for preview
